  Moc'ing QT_yolov2_Console.h...
  Moc'ing QT_Index.h...
  Moc'ing QT_yolo_index.h...
  Moc'ing QT_classifier_index.h...
  Moc'ing QT_classifier_Classification.h...
  Moc'ing QT_yolo_Train.h...
  Moc'ing QT_classifier_Train.h...
  Rcc'ing QT_yolov2_Console.qrc...
  RCC: Warning: No resources in 'D:\Identify-Era\QT_yolov2_Console\QT_yolov2_Console.qrc'.
  Uic'ing QT_classifier_Classification.ui...
  Uic'ing QT_classifier_index.ui...
  Uic'ing QT_classifier_train.ui...
  Uic'ing QT_index.ui...
  Uic'ing QT_yolov2_Console.ui...
  Uic'ing QT_yolo_index.ui...
  Uic'ing QT_yolo_train.ui...
  main.cpp
  QT_classifier_Classification.cpp
  QT_classifier_index.cpp
  QT_classifier_Train.cpp
  QT_index.cpp
  QT_yolov2_Console.cpp
  QT_yolo_index.cpp
  QT_yolo_Train.cpp
  moc_QT_yolov2_Console.cpp
  moc_QT_Index.cpp
  moc_QT_yolo_index.cpp
  moc_QT_classifier_index.cpp
  moc_QT_classifier_Classification.cpp
  moc_QT_yolo_Train.cpp
  moc_QT_classifier_Train.cpp
  qrc_QT_yolov2_Console.cpp
  QT_yolov2_Console.vcxproj -> D:\Identify-Era\x64\Release\QT_yolov2_Console.exe
