d:\identify-era\qt_yolov2_console\x64\debug\qt_classifier_index.obj
d:\identify-era\qt_yolov2_console\x64\debug\qt_yolo_index.obj
d:\identify-era\qt_yolov2_console\x64\debug\moc_qt_yolo_index.obj
d:\identify-era\qt_yolov2_console\x64\debug\moc_qt_classifier_train.obj
d:\identify-era\qt_yolov2_console\x64\debug\main.obj
d:\identify-era\qt_yolov2_console\x64\debug\qt_yolo_train.obj
d:\identify-era\qt_yolov2_console\x64\debug\moc_qt_yolov2_console.obj
d:\identify-era\qt_yolov2_console\x64\debug\moc_qt_classifier_classification.obj
d:\identify-era\qt_yolov2_console\x64\debug\qt_classifier_train.obj
d:\identify-era\qt_yolov2_console\x64\debug\qt_index.obj
d:\identify-era\qt_yolov2_console\x64\debug\moc_qt_index.obj
d:\identify-era\qt_yolov2_console\x64\debug\moc_qt_yolo_train.obj
d:\identify-era\qt_yolov2_console\x64\debug\qt_classifier_classification.obj
d:\identify-era\qt_yolov2_console\x64\debug\qt_yolov2_console.obj
d:\identify-era\qt_yolov2_console\x64\debug\moc_qt_classifier_index.obj
d:\identify-era\qt_yolov2_console\x64\debug\qrc_qt_yolov2_console.obj
d:\identify-era\qt_yolov2_console\x64\debug\vc140.pdb
d:\identify-era\qt_yolov2_console\.\generatedfiles\debug\moc_qt_yolov2_console.cpp
d:\identify-era\qt_yolov2_console\.\generatedfiles\debug\moc_qt_index.cpp
d:\identify-era\qt_yolov2_console\.\generatedfiles\debug\moc_qt_yolo_index.cpp
d:\identify-era\qt_yolov2_console\.\generatedfiles\debug\moc_qt_classifier_index.cpp
d:\identify-era\qt_yolov2_console\.\generatedfiles\debug\moc_qt_classifier_classification.cpp
d:\identify-era\qt_yolov2_console\.\generatedfiles\debug\moc_qt_yolo_train.cpp
d:\identify-era\qt_yolov2_console\.\generatedfiles\debug\moc_qt_classifier_train.cpp
d:\identify-era\qt_yolov2_console\.\generatedfiles\qrc_qt_yolov2_console.cpp
d:\identify-era\qt_yolov2_console\.\generatedfiles\ui_qt_classifier_classification.h
d:\identify-era\qt_yolov2_console\.\generatedfiles\ui_qt_classifier_index.h
d:\identify-era\qt_yolov2_console\.\generatedfiles\ui_qt_classifier_train.h
d:\identify-era\qt_yolov2_console\.\generatedfiles\ui_qt_index.h
d:\identify-era\qt_yolov2_console\.\generatedfiles\ui_qt_yolov2_console.h
d:\identify-era\qt_yolov2_console\.\generatedfiles\ui_qt_yolo_index.h
d:\identify-era\qt_yolov2_console\.\generatedfiles\ui_qt_yolo_train.h
d:\identify-era\qt_yolov2_console\generatedfiles\debug\moc_qt_yolov2_console.cpp
d:\identify-era\qt_yolov2_console\generatedfiles\debug\moc_qt_index.cpp
d:\identify-era\qt_yolov2_console\generatedfiles\debug\moc_qt_yolo_index.cpp
d:\identify-era\qt_yolov2_console\generatedfiles\debug\moc_qt_classifier_index.cpp
d:\identify-era\qt_yolov2_console\generatedfiles\debug\moc_qt_classifier_classification.cpp
d:\identify-era\qt_yolov2_console\generatedfiles\debug\moc_qt_yolo_train.cpp
d:\identify-era\qt_yolov2_console\generatedfiles\debug\moc_qt_classifier_train.cpp
d:\identify-era\qt_yolov2_console\generatedfiles\qrc_qt_yolov2_console.cpp
d:\identify-era\qt_yolov2_console\generatedfiles\ui_qt_classifier_classification.h
d:\identify-era\qt_yolov2_console\generatedfiles\ui_qt_classifier_index.h
d:\identify-era\qt_yolov2_console\generatedfiles\ui_qt_classifier_train.h
d:\identify-era\qt_yolov2_console\generatedfiles\ui_qt_index.h
d:\identify-era\qt_yolov2_console\generatedfiles\ui_qt_yolov2_console.h
d:\identify-era\qt_yolov2_console\generatedfiles\ui_qt_yolo_index.h
d:\identify-era\qt_yolov2_console\generatedfiles\ui_qt_yolo_train.h
d:\identify-era\x64\debug\qt_yolov2_console.pdb
d:\identify-era\qt_yolov2_console\x64\debug\qt_yolov.b12702ad.tlog\cl.command.1.tlog
d:\identify-era\qt_yolov2_console\x64\debug\qt_yolov.b12702ad.tlog\cl.read.1.tlog
d:\identify-era\qt_yolov2_console\x64\debug\qt_yolov.b12702ad.tlog\cl.write.1.tlog
d:\identify-era\qt_yolov2_console\x64\debug\qt_yolov.b12702ad.tlog\link-cvtres.read.1.tlog
d:\identify-era\qt_yolov2_console\x64\debug\qt_yolov.b12702ad.tlog\link-cvtres.write.1.tlog
d:\identify-era\qt_yolov2_console\x64\debug\qt_yolov.b12702ad.tlog\link-rc.read.1.tlog
d:\identify-era\qt_yolov2_console\x64\debug\qt_yolov.b12702ad.tlog\link-rc.write.1.tlog
d:\identify-era\qt_yolov2_console\x64\debug\qt_yolov.b12702ad.tlog\link.command.1.tlog
d:\identify-era\qt_yolov2_console\x64\debug\qt_yolov.b12702ad.tlog\link.read.1.tlog
d:\identify-era\qt_yolov2_console\x64\debug\qt_yolov.b12702ad.tlog\link.write.1.tlog
d:\identify-era\qt_yolov2_console\x64\debug\qt_yolov.b12702ad.tlog\qtmoc.read.1u.tlog
d:\identify-era\qt_yolov2_console\x64\debug\qt_yolov.b12702ad.tlog\qtmoc.write.1u.tlog
d:\identify-era\qt_yolov2_console\x64\debug\qt_yolov.b12702ad.tlog\qtrcc.read.1u.tlog
d:\identify-era\qt_yolov2_console\x64\debug\qt_yolov.b12702ad.tlog\qtrcc.write.1u.tlog
d:\identify-era\qt_yolov2_console\x64\debug\qt_yolov.b12702ad.tlog\qtuic.read.1u.tlog
d:\identify-era\qt_yolov2_console\x64\debug\qt_yolov.b12702ad.tlog\qtuic.write.1u.tlog
d:\identify-era\qt_yolov2_console\x64\debug\qt_yolov.b12702ad.tlog\qt_yolov2_console.write.1u.tlog
